Log file open, 02/05/17 14:36:16
LogInit:Display: Running engine for game: Tokyo_Street
LogPlatformFile: Not using cached read wrapper
LogInit:Display: RandInit(-1645879910) SRandInit(-1645879910).
LogTaskGraph: Started task graph with 5 named threads and 10 total threads with 1 sets of task threads.
LogStats: Stats thread started at 0.092548
LogPluginManager: Loaded Plugin Paper2D, From F:/PROJECTS/Epic Games/4.14/Engine/Plugins/2D/Paper2D/Paper2D.uplugin
LogPluginManager: Loaded Plugin LightPropagationVolume, From F:/PROJECTS/Epic Games/4.14/Engine/Plugins/Blendables/LightPropagationVolume/LightPropagationVolume.uplugin
LogPluginManager: Loaded Plugin BlankPlugin, From F:/PROJECTS/Epic Games/4.14/Engine/Plugins/Developer/BlankPlugin/BlankPlugin.uplugin
LogPluginManager: Loaded Plugin CodeLiteSourceCodeAccess, From F:/PROJECTS/Epic Games/4.14/Engine/Plugins/Developer/CodeLiteSourceCodeAccess/CodeLiteSourceCodeAccess.uplugin
LogPluginManager: Loaded Plugin GitSourceControl, From F:/PROJECTS/Epic Games/4.14/Engine/Plugins/Developer/GitSourceControl/GitSourceControl.uplugin
LogPluginManager: Loaded Plugin KDevelopSourceCodeAccess, From F:/PROJECTS/Epic Games/4.14/Engine/Plugins/Developer/KDevelopSourceCodeAccess/KDevelopSourceCodeAccess.uplugin
LogPluginManager: Loaded Plugin NullSourceCodeAccess, From F:/PROJECTS/Epic Games/4.14/Engine/Plugins/Developer/NullSourceCodeAccess/NullSourceCodeAccess.uplugin
LogPluginManager: Loaded Plugin OneSkyLocalizationService, From F:/PROJECTS/Epic Games/4.14/Engine/Plugins/Developer/OneSkyLocalizationService/OneSkyLocalizationService.uplugin
LogPluginManager: Loaded Plugin PerforceSourceControl, From F:/PROJECTS/Epic Games/4.14/Engine/Plugins/Developer/PerforceSourceControl/PerforceSourceControl.uplugin
LogPluginManager: Loaded Plugin SubversionSourceControl, From F:/PROJECTS/Epic Games/4.14/Engine/Plugins/Developer/SubversionSourceControl/SubversionSourceControl.uplugin
LogPluginManager: Loaded Plugin UObjectPlugin, From F:/PROJECTS/Epic Games/4.14/Engine/Plugins/Developer/UObjectPlugin/UObjectPlugin.uplugin
LogPluginManager: Loaded Plugin VisualStudioSourceCodeAccess, From F:/PROJECTS/Epic Games/4.14/Engine/Plugins/Developer/VisualStudioSourceCodeAccess/VisualStudioSourceCodeAccess.uplugin
LogPluginManager: Loaded Plugin XCodeSourceCodeAccess, From F:/PROJECTS/Epic Games/4.14/Engine/Plugins/Developer/XCodeSourceCodeAccess/XCodeSourceCodeAccess.uplugin
LogPluginManager: Loaded Plugin AudioCapture, From F:/PROJECTS/Epic Games/4.14/Engine/Plugins/Editor/AudioCapture/AudioCapture.uplugin
LogPluginManager: Loaded Plugin EpicSurvey, From F:/PROJECTS/Epic Games/4.14/Engine/Plugins/Editor/EpicSurvey/EpicSurvey.uplugin
LogPluginManager: Loaded Plugin MacGraphicsSwitching, From F:/PROJECTS/Epic Games/4.14/Engine/Plugins/Editor/MacGraphicsSwitching/MacGraphicsSwitching.uplugin
LogPluginManager: Loaded Plugin MobileLauncherProfileWizard, From F:/PROJECTS/Epic Games/4.14/Engine/Plugins/Editor/MobileLauncherProfileWizard/MobileLauncherProfileWizard.uplugin
LogPluginManager: Loaded Plugin PluginBrowser, From F:/PROJECTS/Epic Games/4.14/Engine/Plugins/Editor/PluginBrowser/PluginBrowser.uplugin
LogPluginManager: Loaded Plugin SpeedTreeImporter, From F:/PROJECTS/Epic Games/4.14/Engine/Plugins/Editor/SpeedTreeImporter/SpeedTreeImporter.uplugin
LogPluginManager: Loaded Plugin SuperSearchEditor, From F:/PROJECTS/Epic Games/4.14/Engine/Plugins/Editor/SuperSearchEditor/SuperSearchEditor.uplugin
LogPluginManager: Loaded Plugin AlembicImporter, From F:/PROJECTS/Epic Games/4.14/Engine/Plugins/Experimental/AlembicImporter/AlembicImporter.uplugin
LogPluginManager: Loaded Plugin BlueprintStats, From F:/PROJECTS/Epic Games/4.14/Engine/Plugins/Experimental/BlueprintStats/BlueprintStats.uplugin
LogPluginManager: Loaded Plugin CharacterAI, From F:/PROJECTS/Epic Games/4.14/Engine/Plugins/Experimental/CharacterAI/CharacterAI.uplugin
LogPluginManager: Loaded Plugin CodeEditor, From F:/PROJECTS/Epic Games/4.14/Engine/Plugins/Experimental/CodeEditor/CodeEditor.uplugin
LogPluginManager: Loaded Plugin CodeView, From F:/PROJECTS/Epic Games/4.14/Engine/Plugins/Experimental/CodeView/CodeView.uplugin
LogPluginManager: Loaded Plugin HTML5Networking, From F:/PROJECTS/Epic Games/4.14/Engine/Plugins/Experimental/HTML5Networking/HTML5Networking.uplugin
LogPluginManager: Loaded Plugin OSVR, From F:/PROJECTS/Epic Games/4.14/Engine/Plugins/Experimental/OSVR/OSVR.uplugin
LogPluginManager: Loaded Plugin Phya, From F:/PROJECTS/Epic Games/4.14/Engine/Plugins/Experimental/Phya/Phya.uplugin
LogPluginManager: Loaded Plugin SignificanceManager, From F:/PROJECTS/Epic Games/4.14/Engine/Plugins/Experimental/SignificanceManager/SignificanceManager.uplugin
LogPluginManager: Loaded Plugin SimpleHMD, From F:/PROJECTS/Epic Games/4.14/Engine/Plugins/Experimental/SimpleHMD/SimpleHMD.uplugin
LogPluginManager: Loaded Plugin StereoPanorama, From F:/PROJECTS/Epic Games/4.14/Engine/Plugins/Experimental/StereoPanorama/StereoPanorama.uplugin
LogPluginManager: Loaded Plugin StructBox, From F:/PROJECTS/Epic Games/4.14/Engine/Plugins/Experimental/StructBox/StructBox.uplugin
LogPluginManager: Loaded Plugin AndroidMedia, From F:/PROJECTS/Epic Games/4.14/Engine/Plugins/Media/AndroidMedia/AndroidMedia.uplugin
LogPluginManager: Loaded Plugin AvfMedia, From F:/PROJECTS/Epic Games/4.14/Engine/Plugins/Media/AvfMedia/AvfMedia.uplugin
LogPluginManager: Loaded Plugin MediaPlayerEditor, From F:/PROJECTS/Epic Games/4.14/Engine/Plugins/Media/MediaPlayerEditor/MediaPlayerEditor.uplugin
LogPluginManager: Loaded Plugin WmfMedia, From F:/PROJECTS/Epic Games/4.14/Engine/Plugins/Media/WmfMedia/WmfMedia.uplugin
LogPluginManager: Loaded Plugin MessagingDebugger, From F:/PROJECTS/Epic Games/4.14/Engine/Plugins/Messaging/MessagingDebugger/MessagingDebugger.uplugin
LogPluginManager: Loaded Plugin TcpMessaging, From F:/PROJECTS/Epic Games/4.14/Engine/Plugins/Messaging/TcpMessaging/TcpMessaging.uplugin
LogPluginManager: Loaded Plugin UdpMessaging, From F:/PROJECTS/Epic Games/4.14/Engine/Plugins/Messaging/UdpMessaging/UdpMessaging.uplugin
LogPluginManager: Loaded Plugin LevelSequenceEditor, From F:/PROJECTS/Epic Games/4.14/Engine/Plugins/MovieScene/LevelSequenceEditor/LevelSequenceEditor.uplugin
LogPluginManager: Loaded Plugin MatineeToLevelSequence, From F:/PROJECTS/Epic Games/4.14/Engine/Plugins/MovieScene/MatineeToLevelSequence/MatineeToLevelSequence.uplugin
LogPluginManager: Loaded Plugin NetcodeUnitTest, From F:/PROJECTS/Epic Games/4.14/Engine/Plugins/NetcodeUnitTest/NetcodeUnitTest/NetcodeUnitTest.uplugin
LogPluginManager: Loaded Plugin NUTUnrealEngine4, From F:/PROJECTS/Epic Games/4.14/Engine/Plugins/NetcodeUnitTest/NUTUnrealEngine4/NUTUnrealEngine4.uplugin
LogPluginManager: Loaded Plugin OnlineSubsystemGameCircle, From F:/PROJECTS/Epic Games/4.14/Engine/Plugins/Online/Android/OnlineSubsystemGameCircle/OnlineSubsystemGameCircle.uplugin
LogPluginManager: Loaded Plugin OnlineSubsystemGooglePlay, From F:/PROJECTS/Epic Games/4.14/Engine/Plugins/Online/Android/OnlineSubsystemGooglePlay/OnlineSubsystemGooglePlay.uplugin
LogPluginManager: Loaded Plugin OnlineSubsystemIOS, From F:/PROJECTS/Epic Games/4.14/Engine/Plugins/Online/IOS/OnlineSubsystemIOS/OnlineSubsystemIOS.uplugin
LogPluginManager: Loaded Plugin OnlineFramework, From F:/PROJECTS/Epic Games/4.14/Engine/Plugins/Online/OnlineFramework/OnlineFramework.uplugin
LogPluginManager: Loaded Plugin OnlineSubsystem, From F:/PROJECTS/Epic Games/4.14/Engine/Plugins/Online/OnlineSubsystem/OnlineSubsystem.uplugin
LogPluginManager: Loaded Plugin OnlineSubsystemAmazon, From F:/PROJECTS/Epic Games/4.14/Engine/Plugins/Online/OnlineSubsystemAmazon/OnlineSubsystemAmazon.uplugin
LogPluginManager: Loaded Plugin OnlineSubsystemFacebook, From F:/PROJECTS/Epic Games/4.14/Engine/Plugins/Online/OnlineSubsystemFacebook/OnlineSubsystemFacebook.uplugin
LogPluginManager: Loaded Plugin OnlineSubsystemNull, From F:/PROJECTS/Epic Games/4.14/Engine/Plugins/Online/OnlineSubsystemNull/OnlineSubsystemNull.uplugin
LogPluginManager: Loaded Plugin OnlineSubsystemOculus, From F:/PROJECTS/Epic Games/4.14/Engine/Plugins/Online/OnlineSubsystemOculus/OnlineSubsystemOculus.uplugin
LogPluginManager: Loaded Plugin OnlineSubsystemSteam, From F:/PROJECTS/Epic Games/4.14/Engine/Plugins/Online/OnlineSubsystemSteam/OnlineSubsystemSteam.uplugin
LogPluginManager: Loaded Plugin OnlineSubsystemUtils, From F:/PROJECTS/Epic Games/4.14/Engine/Plugins/Online/OnlineSubsystemUtils/OnlineSubsystemUtils.uplugin
LogPluginManager: Loaded Plugin IOSTapJoy, From F:/PROJECTS/Epic Games/4.14/Engine/Plugins/Runtime/Advertising/IOSTapJoy/IOSTapJoy.uplugin
LogPluginManager: Loaded Plugin AnalyticsBlueprintLibrary, From F:/PROJECTS/Epic Games/4.14/Engine/Plugins/Runtime/Analytics/AnalyticsBlueprintLibrary/AnalyticsBlueprintLibrary.uplugin
LogPluginManager: Loaded Plugin AnalyticsMulticast, From F:/PROJECTS/Epic Games/4.14/Engine/Plugins/Runtime/Analytics/AnalyticsMulticast/AnalyticsMulticast.uplugin
LogPluginManager: Loaded Plugin Apsalar, From F:/PROJECTS/Epic Games/4.14/Engine/Plugins/Runtime/Analytics/Apsalar/Apsalar.uplugin
LogPluginManager: Loaded Plugin FileLogging, From F:/PROJECTS/Epic Games/4.14/Engine/Plugins/Runtime/Analytics/FileLogging/FileLogging.uplugin
LogPluginManager: Loaded Plugin Flurry, From F:/PROJECTS/Epic Games/4.14/Engine/Plugins/Runtime/Analytics/Flurry/Flurry.uplugin
LogPluginManager: Loaded Plugin AndroidDeviceProfileSelector, From F:/PROJECTS/Epic Games/4.14/Engine/Plugins/Runtime/AndroidDeviceProfileSelector/AndroidDeviceProfileSelector.uplugin
LogPluginManager: Loaded Plugin AndroidMoviePlayer, From F:/PROJECTS/Epic Games/4.14/Engine/Plugins/Runtime/AndroidMoviePlayer/AndroidMoviePlayer.uplugin
LogPluginManager: Loaded Plugin AppleMoviePlayer, From F:/PROJECTS/Epic Games/4.14/Engine/Plugins/Runtime/AppleMoviePlayer/AppleMoviePlayer.uplugin
LogPluginManager: Loaded Plugin ArchVisCharacter, From F:/PROJECTS/Epic Games/4.14/Engine/Plugins/Runtime/ArchVisCharacter/ArchVisCharacter.uplugin
LogPluginManager: Loaded Plugin CableComponent, From F:/PROJECTS/Epic Games/4.14/Engine/Plugins/Runtime/CableComponent/CableComponent.uplugin
LogPluginManager: Loaded Plugin CustomMeshComponent, From F:/PROJECTS/Epic Games/4.14/Engine/Plugins/Runtime/CustomMeshComponent/CustomMeshComponent.uplugin
LogPluginManager: Loaded Plugin ExampleDeviceProfileSelector, From F:/PROJECTS/Epic Games/4.14/Engine/Plugins/Runtime/ExampleDeviceProfileSelector/ExampleDeviceProfileSelector.uplugin
LogPluginManager: Loaded Plugin GearVR, From F:/PROJECTS/Epic Games/4.14/Engine/Plugins/Runtime/GearVR/GearVR.uplugin
LogPluginManager: Loaded Plugin GoogleVRController, From F:/PROJECTS/Epic Games/4.14/Engine/Plugins/Runtime/GoogleVR/GoogleVRController/GoogleVRController.uplugin
LogPluginManager: Loaded Plugin GoogleVRHMD, From F:/PROJECTS/Epic Games/4.14/Engine/Plugins/Runtime/GoogleVR/GoogleVRHMD/GoogleVRHMD.uplugin
LogPluginManager: Loaded Plugin IOSDeviceProfileSelector, From F:/PROJECTS/Epic Games/4.14/Engine/Plugins/Runtime/IOSDeviceProfileSelector/IOSDeviceProfileSelector.uplugin
LogPluginManager: Loaded Plugin LeapMotion, From F:/PROJECTS/Epic Games/4.14/Engine/Plugins/Runtime/LeapMotion/LeapMotion.uplugin
LogPluginManager: Loaded Plugin LinuxDeviceProfileSelector, From F:/PROJECTS/Epic Games/4.14/Engine/Plugins/Runtime/LinuxDeviceProfileSelector/LinuxDeviceProfileSelector.uplugin
LogPluginManager: Loaded Plugin MIDIDevice, From F:/PROJECTS/Epic Games/4.14/Engine/Plugins/Runtime/MIDIDevice/MIDIDevice.uplugin
LogPluginManager: Loaded Plugin MobilePatchingUtils, From F:/PROJECTS/Epic Games/4.14/Engine/Plugins/Runtime/MobilePatchingUtils/MobilePatchingUtils.uplugin
LogPluginManager: Loaded Plugin Ansel, From F:/PROJECTS/Epic Games/4.14/Engine/Plugins/Runtime/Nvidia/Ansel/Ansel.uplugin
LogPluginManager: Loaded Plugin OculusAudio, From F:/PROJECTS/Epic Games/4.14/Engine/Plugins/Runtime/OculusAudio/OculusAudio.uplugin
LogPluginManager: Loaded Plugin OculusInput, From F:/PROJECTS/Epic Games/4.14/Engine/Plugins/Runtime/OculusInput/OculusInput.uplugin
LogPluginManager: Loaded Plugin OculusLibrary, From F:/PROJECTS/Epic Games/4.14/Engine/Plugins/Runtime/OculusLibrary/OculusLibrary.uplugin
LogPluginManager: Loaded Plugin OculusRift, From F:/PROJECTS/Epic Games/4.14/Engine/Plugins/Runtime/OculusRift/OculusRift.uplugin
LogPluginManager: Loaded Plugin Oodle, From F:/PROJECTS/Epic Games/4.14/Engine/Plugins/Runtime/PacketHandlers/CompressionComponents/Oodle/Oodle.uplugin
LogPluginManager: Loaded Plugin ProceduralMeshComponent, From F:/PROJECTS/Epic Games/4.14/Engine/Plugins/Runtime/ProceduralMeshComponent/ProceduralMeshComponent.uplugin
LogPluginManager: Loaded Plugin SoundMod, From F:/PROJECTS/Epic Games/4.14/Engine/Plugins/Runtime/SoundMod/SoundMod.uplugin
LogPluginManager: Loaded Plugin SoundVisualizations, From F:/PROJECTS/Epic Games/4.14/Engine/Plugins/Runtime/SoundVisualizations/SoundVisualizations.uplugin
LogPluginManager: Loaded Plugin SteamController, From F:/PROJECTS/Epic Games/4.14/Engine/Plugins/Runtime/Steam/SteamController/SteamController.uplugin
LogPluginManager: Loaded Plugin SteamVR, From F:/PROJECTS/Epic Games/4.14/Engine/Plugins/Runtime/Steam/SteamVR/SteamVR.uplugin
LogPluginManager: Loaded Plugin WebBrowserWidget, From F:/PROJECTS/Epic Games/4.14/Engine/Plugins/Runtime/WebBrowserWidget/WebBrowserWidget.uplugin
LogPluginManager: Loaded Plugin WindowsDeviceProfileSelector, From F:/PROJECTS/Epic Games/4.14/Engine/Plugins/Runtime/WindowsDeviceProfileSelector/WindowsDeviceProfileSelector.uplugin
LogPluginManager: Loaded Plugin WindowsMoviePlayer, From F:/PROJECTS/Epic Games/4.14/Engine/Plugins/Runtime/WindowsMoviePlayer/WindowsMoviePlayer.uplugin
LogPluginManager: Loaded Plugin ScriptPlugin, From F:/PROJECTS/Epic Games/4.14/Engine/Plugins/ScriptPlugin/ScriptPlugin.uplugin
LogPluginManager: Loaded Plugin SlateRemote, From F:/PROJECTS/Epic Games/4.14/Engine/Plugins/Slate/SlateRemote/SlateRemote.uplugin
LogPluginManager: Loaded Plugin EditorTests, From F:/PROJECTS/Epic Games/4.14/Engine/Plugins/Tests/EditorTests/EditorTests.uplugin
LogPluginManager: Loaded Plugin FbxAutomationTestBuilder, From F:/PROJECTS/Epic Games/4.14/Engine/Plugins/Tests/FbxAutomationTestBuilder/FbxAutomationTestBuilder.uplugin
LogPluginManager: Loaded Plugin FunctionalTestingEditor, From F:/PROJECTS/Epic Games/4.14/Engine/Plugins/Tests/FunctionalTestingEditor/FunctionalTestingEditor.uplugin
LogPluginManager: Loaded Plugin RuntimeTests, From F:/PROJECTS/Epic Games/4.14/Engine/Plugins/Tests/RuntimeTests/RuntimeTests.uplugin
LogPluginManager: Loaded Plugin ScreenshotTools, From F:/PROJECTS/Epic Games/4.14/Engine/Plugins/Tests/ScreenshotTools/ScreenshotTools.uplugin
LogInit: Using libcurl 7.47.1
LogInit:  - built for x86_64-pc-win32
LogInit:  - supports SSL with OpenSSL/1.0.2g
LogInit:  - supports HTTP deflate (compression) using libz 1.2.8
LogInit:  - other features:
LogInit:      CURL_VERSION_SSL
LogInit:      CURL_VERSION_LIBZ
LogInit:      CURL_VERSION_IPV6
LogInit:      CURL_VERSION_ASYNCHDNS
LogInit:      CURL_VERSION_LARGEFILE
LogInit:      CURL_VERSION_IDN
LogInit:  CurlRequestOptions (configurable via config and command line):
LogInit:  - bVerifyPeer = false  - Libcurl will NOT verify peer certificate
LogInit:  - bUseHttpProxy = false  - Libcurl will NOT use HTTP proxy
LogInit:  - bDontReuseConnections = false  - Libcurl will reuse connections
LogInit:  - CertBundlePath = nullptr  - Libcurl will use whatever was configured at build time.
LogInit: Build: ++UE4+Release-4.14-CL-3249277
LogInit: Engine Version: 4.14.3-3249277+++UE4+Release-4.14
LogInit: Compatible Engine Version: 4.14.0-3195953+++UE4+Release-4.14
LogInit: Net CL: 3195953
LogDevObjectVersion: Number of dev versions registered: 13
LogDevObjectVersion:   Dev-Blueprints (B0D832E4-1F89-4F0D-ACCF-7EB736FD4AA2): 7
LogDevObjectVersion:   Dev-Build (E1C64328-A22C-4D53-A36C-8E866417BD8C): 0
LogDevObjectVersion:   Dev-Core (375EC13C-06E4-48FB-B500-84F0262A717E): 1
LogDevObjectVersion:   Dev-Editor (E4B068ED-F494-42E9-A231-DA0B2E46BB41): 8
LogDevObjectVersion:   Dev-Framework (CFFC743F-43B0-4480-9391-14DF171D2073): 17
LogDevObjectVersion:   Dev-Mobile (B02B49B5-BB20-44E9-A304-32B752E40360): 0
LogDevObjectVersion:   Dev-Networking (A4E4105C-59A1-49B5-A7C5-40C4547EDFEE): 0
LogDevObjectVersion:   Dev-Online (39C831C9-5AE6-47DC-9A44-9C173E1C8E7C): 0
LogDevObjectVersion:   Dev-Physics (78F01B33-EBEA-4F98-B9B4-84EACCB95AA2): 0
LogDevObjectVersion:   Dev-Platform (6631380F-2D4D-43E0-8009-CF276956A95A): 0
LogDevObjectVersion:   Dev-Rendering (12F88B9F-8875-4AFC-A67C-D90C383ABD29): 12
LogDevObjectVersion:   Dev-Sequencer (7B5AE74C-D270-4C10-A958-57980B212A5A): 1
LogDevObjectVersion:   Dev-VR (D7296918-1DD6-4BDD-9DE2-64A83CC13884): 0
LogInit: Compiled (64-bit): Jan  6 2017 10:49:43
LogInit: Compiled with Visual C++: 19.00.23026.00
LogInit: Build Configuration: Development
LogInit: Branch Name: ++UE4+Release-4.14
LogInit: Command line:  
LogInit: Base directory: F:/PROJECTS/Epic Games/4.14/Engine/Binaries/Win64/
LogInit: Installed Engine Build: 1
LogInit: Presizing for max 8388607 objects, including 0 objects not considered by GC, pre-allocating 0 bytes for permanent pool.
LogInit: Object subsystem initialized
[2017.02.05-13.36.17:223][  0]LogInit: Selected Device Profile: [Windows]
[2017.02.05-13.36.17:223][  0]LogInit: Applying CVar settings loaded from the selected device profile: [Windows]
[2017.02.05-13.36.17:232][  0]LogInit: Computer: DESKTOP-ATM42SH
[2017.02.05-13.36.17:232][  0]LogInit: User: Kieran
[2017.02.05-13.36.17:232][  0]LogInit: CPU Page size=65536, Cores=6
[2017.02.05-13.36.17:232][  0]LogInit: High frequency timer resolution =3.222654 MHz
[2017.02.05-13.36.17:232][  0]LogMemory: Memory total: Physical=15.9GB (16GB approx)
[2017.02.05-13.36.17:232][  0]LogMemory: Platform Memory Stats for Windows
[2017.02.05-13.36.17:232][  0]LogMemory: Process Physical Memory: 264.25 MB used, 264.25 MB peak
[2017.02.05-13.36.17:232][  0]LogMemory: Process Virtual Memory: 268.93 MB used, 268.93 MB peak
[2017.02.05-13.36.17:232][  0]LogMemory: Physical Memory: 5439.40 MB used,  10841.43 MB free, 16280.83 MB total
[2017.02.05-13.36.17:232][  0]LogMemory: Virtual Memory: 685.43 MB used,  10841.43 MB free, 134217728.00 MB total
[2017.02.05-13.36.17:258][  0]LogTextLocalizationManager: No specific translations for ('en-GB') exist, so ('en') translations will be used.
[2017.02.05-13.36.17:788][  0]LogD3D11RHI: D3D11 adapters:
[2017.02.05-13.36.18:393][  0]LogD3D11RHI:    0. 'NVIDIA GeForce GTX 1070' (Feature Level 11_0)
[2017.02.05-13.36.18:393][  0]LogD3D11RHI:       8132/0/8140 MB DedicatedVideo/DedicatedSystem/SharedSystem, Outputs:2, VendorId:0x10de
[2017.02.05-13.36.18:395][  0]LogD3D11RHI:    1. 'Microsoft Basic Render Driver' (Feature Level 11_0)
[2017.02.05-13.36.18:395][  0]LogD3D11RHI:       0/0/8140 MB DedicatedVideo/DedicatedSystem/SharedSystem, Outputs:0, VendorId:0x1414
[2017.02.05-13.36.18:395][  0]LogD3D11RHI: Chosen D3D11 Adapter: 0
[2017.02.05-13.36.18:398][  0]LogD3D11RHI: Creating new Direct3DDevice
[2017.02.05-13.36.18:398][  0]LogD3D11RHI:     GPU DeviceId: 0x1b81 (for the marketing name, search the web for "GPU Device Id")
[2017.02.05-13.36.18:398][  0]LogWindows: EnumDisplayDevices:
[2017.02.05-13.36.18:398][  0]LogWindows:    0. 'NVIDIA GeForce GTX 1070' (P:1 D:1)
[2017.02.05-13.36.18:399][  0]LogWindows:    1. 'NVIDIA GeForce GTX 1070' (P:0 D:1)
[2017.02.05-13.36.18:399][  0]LogWindows:    2. 'NVIDIA GeForce GTX 1070' (P:0 D:0)
[2017.02.05-13.36.18:399][  0]LogWindows:    3. 'NVIDIA GeForce GTX 1070' (P:0 D:0)
[2017.02.05-13.36.18:399][  0]LogWindows: DebugString: FoundDriverCount:4 
[2017.02.05-13.36.18:399][  0]LogD3D11RHI:     Adapter Name: NVIDIA GeForce GTX 1070
[2017.02.05-13.36.18:399][  0]LogD3D11RHI:   Driver Version: 378.49 (internal:21.21.13.7849, unified:378.49)
[2017.02.05-13.36.18:399][  0]LogD3D11RHI:      Driver Date: 1-20-2017
[2017.02.05-13.36.18:399][  0]LogRHI: Texture pool is 1361 MB (70% of 1945 MB)
[2017.02.05-13.36.18:980][  0]LogD3D11RHI: Async texture creation enabled
[2017.02.05-13.36.19:006][  0]LogD3D11RHI: GPU Timing Frequency: 1000.000000 (Debug: 2 1)
[2017.02.05-13.36.19:007][  0]LogShaderCompilers: Guid format shader working directory is 7 characters bigger than the processId version (../../../../../UE4 Projects/Tokyo_Street/Intermediate/Shaders/WorkingDirectory/8948/).
[2017.02.05-13.36.19:007][  0]LogShaderCompilers: Cleaned the shader compiler working directory 'C:/Users/Kieran/AppData/Local/Temp/UnrealShaderWorkingDir/CB9E3DD74902F3F41F32DC85CE7BDF3A/'.
[2017.02.05-13.36.19:007][  0]LogShaderCompilers:Display: Using Local Shader Compiler.
[2017.02.05-13.36.19:959][  0]LogTemp:Display: Loaded TP AllDesktopTargetPlatform
[2017.02.05-13.36.20:000][  0]LogTemp:Display: Loaded TP MacClientTargetPlatform
[2017.02.05-13.36.20:040][  0]LogTemp:Display: Loaded TP MacNoEditorTargetPlatform
[2017.02.05-13.36.20:081][  0]LogTemp:Display: Loaded TP MacServerTargetPlatform
[2017.02.05-13.36.20:122][  0]LogTemp:Display: Loaded TP MacTargetPlatform
[2017.02.05-13.36.20:162][  0]LogTemp:Display: Loaded TP WindowsClientTargetPlatform
[2017.02.05-13.36.20:203][  0]LogTemp:Display: Loaded TP WindowsNoEditorTargetPlatform
[2017.02.05-13.36.20:243][  0]LogTemp:Display: Loaded TP WindowsServerTargetPlatform
[2017.02.05-13.36.20:275][  0]LogTemp:Display: Loaded TP WindowsTargetPlatform
[2017.02.05-13.36.20:314][  0]LogTemp:Display: Loaded TP AndroidTargetPlatform
[2017.02.05-13.36.20:354][  0]LogTemp:Display: Loaded TP Android_ASTCTargetPlatform
[2017.02.05-13.36.20:394][  0]LogTemp:Display: Loaded TP Android_ATCTargetPlatform
[2017.02.05-13.36.20:433][  0]LogTemp:Display: Loaded TP Android_DXTTargetPlatform
[2017.02.05-13.36.20:472][  0]LogTemp:Display: Loaded TP Android_ETC1TargetPlatform
[2017.02.05-13.36.20:512][  0]LogTemp:Display: Loaded TP Android_ETC2TargetPlatform
[2017.02.05-13.36.20:590][  0]LogTemp:Display: Loaded TP Android_MultiTargetPlatform
[2017.02.05-13.36.20:590][  0]LogTemp:Display: Loaded TP Android_PVRTCTargetPlatform
[2017.02.05-13.36.20:616][  0]LogTemp:Display: Loaded TP HTML5TargetPlatform
[2017.02.05-13.36.20:679][  0]LogTemp:Display: Loaded TP IOSTargetPlatform
[2017.02.05-13.36.20:705][  0]LogTemp:Display: Loaded TP TVOSTargetPlatform
[2017.02.05-13.36.20:744][  0]LogTemp:Display: Loaded TP LinuxClientTargetPlatform
[2017.02.05-13.36.20:783][  0]LogTemp:Display: Loaded TP LinuxNoEditorTargetPlatform
[2017.02.05-13.36.20:822][  0]LogTemp:Display: Loaded TP LinuxServerTargetPlatform
[2017.02.05-13.36.20:861][  0]LogTemp:Display: Loaded TP LinuxTargetPlatform
[2017.02.05-13.36.20:861][  0]LogTargetPlatformManager:Display: Building Assets For Windows
[2017.02.05-13.36.21:117][  0]LogDerivedDataCache:Display: Max Cache Size: 512 MB
[2017.02.05-13.36.21:167][  0]LogDerivedDataCache: Loaded boot cache 0.05s 50MB C:/Users/Kieran/AppData/Local/UnrealEngine/4.14/DerivedDataCache/Boot.ddc.
[2017.02.05-13.36.21:167][  0]LogDerivedDataCache:Display: Loaded Boot cache: C:/Users/Kieran/AppData/Local/UnrealEngine/4.14/DerivedDataCache/Boot.ddc
[2017.02.05-13.36.21:167][  0]LogDerivedDataCache: FDerivedDataBackendGraph:  Pak pak cache file ../../../../../UE4 Projects/Tokyo_Street/DerivedDataCache/DDC.ddp not found, will not use a pak cache.
[2017.02.05-13.36.21:167][  0]LogDerivedDataCache: Unable to find inner node Pak for hierarchical cache Hierarchy.
[2017.02.05-13.36.21:167][  0]LogDerivedDataCache: FDerivedDataBackendGraph:  CompressedPak pak cache file ../../../../../UE4 Projects/Tokyo_Street/DerivedDataCache/Compressed.ddp not found, will not use a pak cache.
[2017.02.05-13.36.21:167][  0]LogDerivedDataCache: Unable to find inner node CompressedPak for hierarchical cache Hierarchy.
[2017.02.05-13.36.21:183][  0]LogDerivedDataCache:Display: Pak cache opened for reading ../../../Engine/DerivedDataCache/Compressed.ddp.
[2017.02.05-13.36.21:195][  0]LogDerivedDataCache: Using Local data cache path C:/Users/Kieran/AppData/Local/UnrealEngine/Common/DerivedDataCache: Writable
[2017.02.05-13.36.21:363][  0]LogInit: Selected Device Profile: [Windows]
[2017.02.05-13.36.21:366][  0]LogContentStreaming: Texture pool size is 0.00 MB
[2017.02.05-13.36.21:529][  0]LogMeshUtilities: Using QuadricMeshReduction for automatic static mesh reduction
[2017.02.05-13.36.21:557][  0]LogSimplygon: Simplygon DLL not present - disabling.
[2017.02.05-13.36.21:589][  0]LogMeshUtilities: Using SimplygonSwarm for distributed automatic mesh merging
[2017.02.05-13.36.21:589][  0]LogMeshUtilities: No automatic skeletal mesh reduction module available
[2017.02.05-13.36.21:589][  0]LogMeshUtilities: No automatic mesh merging module available
[2017.02.05-13.36.22:014][  0]LogNetVersion: GetLocalNetworkVersion: CL: 3195953, ProjectName: tokyo_street, ProjectVersion: , EngineNetworkVersion: 2, GameNetworkVersion: 0, NetworkChecksum: 4144868781
[2017.02.05-13.36.22:060][  0]LogAssetRegistry: FAssetRegistry took 0.0212 seconds to start up
[2017.02.05-13.36.22:130][  0]LogPackageLocalizationCache: Processed 3 localized package path(s) for 2 prioritized culture(s) in 0.054778 seconds
[2017.02.05-13.36.22:134][  0]LogUObjectArray: 31946 objects as part of root set at end of initial load.
[2017.02.05-13.36.22:134][  0]LogUObjectAllocator: 6935840 out of 0 bytes used by permanent object pool.
[2017.02.05-13.36.22:134][  0]LogUObjectArray: CloseDisregardForGC: 0/0 objects in disregard for GC pool
[2017.02.05-13.36.22:173][  0]LogInit: WinSock: version 1.1 (2.2), MaxSocks=32767, MaxUdp=65467
[2017.02.05-13.36.22:661][  0]LogSlate: Using Freetype 2.6.0
[2017.02.05-13.36.22:662][  0]LogSlate: SlateFontCache - WITH_FREETYPE: 1, WITH_HARFBUZZ: 1
[2017.02.05-13.36.22:662][  0]LogSlate: SlateFontCache - WITH_FREETYPE: 1, WITH_HARFBUZZ: 1
[2017.02.05-13.36.23:356][  0]LogTcpMessaging: Initializing TcpMessaging bridge
[2017.02.05-13.36.23:386][  0]LogUdpMessaging: Initializing bridge on interface 0.0.0.0:0 to multicast group 230.0.0.1:6666.
[2017.02.05-13.36.23:620][  0]LogMaterial: Uniform references updated for custom material expression Custom.
[2017.02.05-13.36.23:891][  0]SourceControl: Info Source control is disabled
[2017.02.05-13.36.23:892][  0]SourceControl: Info Source control is disabled
[2017.02.05-13.36.23:923][  0]SourceControl: Info Source control is disabled
[2017.02.05-13.36.23:953][  0]SourceControl: Info Source control is disabled
[2017.02.05-13.36.24:799][  0]LogEngine: Initializing Engine...
[2017.02.05-13.36.24:799][  0]LogHMD: Failed to initialize OpenVR with code 110
[2017.02.05-13.36.24:986][  0]LogAIModule: Creating AISystem for world Untitled
[2017.02.05-13.36.24:997][  0]LogInit: XAudio2 using 'Speakers (Realtek High Definition Audio)' : 2 channels at 48 kHz using 32 bits per sample (channel mask 0x3)
[2017.02.05-13.36.25:009][  0]LogInit: FAudioDevice initialized.
[2017.02.05-13.36.25:033][  0]LogDerivedDataCache: Saved boot cache 0.02s 50MB C:/Users/Kieran/AppData/Local/UnrealEngine/4.14/DerivedDataCache/Boot.ddc.
[2017.02.05-13.36.25:039][  0]LogInit: Texture streaming: Enabled
[2017.02.05-13.36.25:161][  0]LogInit: Transaction tracking system initialized
[2017.02.05-13.36.25:383][  0]BlueprintLog: New page: Editor Load
[2017.02.05-13.36.25:953][  0]LocalizationService: Info Localization service is disabled
[2017.02.05-13.36.26:381][  0]LogConsoleResponse:Display: 
[2017.02.05-13.36.26:488][  0]LogCook:Display: Max memory allowance for cook 16384mb min free memory 0mb
[2017.02.05-13.36.26:488][  0]LogCook:Display: Mobile HDR setting 1
[2017.02.05-13.36.27:089][  0]LogFileCache: Scanning file cache for directory 'F:/PROJECTS/UE4 Projects/Tokyo_Street/Content/' took 0.01s
[2017.02.05-13.36.27:118][  0]SourceControl: Info Source control is disabled
[2017.02.05-13.36.27:119][  0]Cmd: MAP LOAD FILE="../../../../../UE4 Projects/Tokyo_Street/Content/StarterContent/Maps/Minimal_Default.umap" TEMPLATE=0 SHOWPROGRESS=1 FEATURELEVEL=3
[2017.02.05-13.36.27:119][  0]LightingResults: New page: Lighting Build
[2017.02.05-13.36.27:145][  0]MapCheck: New page: Map Check
[2017.02.05-13.36.27:145][  0]LightingResults: New page: Lighting Build
[2017.02.05-13.36.27:403][  0]LogAIModule: Creating AISystem for world Minimal_Default
[2017.02.05-13.36.27:404][  0]LogActorComponent: RegisterComponentWithWorld: (/Game/StarterContent/Maps/Minimal_Default.Minimal_Default:PersistentLevel.WorldSettings_1.StaticMeshComponent0) Trying to register component with IsPendingKill() == true. Aborting.
[2017.02.05-13.36.27:408][  0]LogEditorServer: Finished looking for orphan Actors (0.000 secs)
[2017.02.05-13.36.27:409][  0]Cmd: MAP CHECKDEP NOCLEARLOG
[2017.02.05-13.36.27:437][  0]MapCheck: Info Map check complete: 0 Error(s), 0 Warning(s), took 28.27ms to complete.
[2017.02.05-13.36.27:437][  0]LogFileHelpers: Loading map 'Minimal_Default' took 0.319
[2017.02.05-13.36.27:558][  0]LogCollectionManager: Loaded 0 collections in 0.001254 seconds
[2017.02.05-13.36.27:625][  0]LogFileCache: Scanning file cache for directory 'F:/PROJECTS/UE4 Projects/Tokyo_Street/Saved/Collections/' took 0.01s
[2017.02.05-13.36.27:625][  0]LogFileCache: Scanning file cache for directory 'F:/PROJECTS/UE4 Projects/Tokyo_Street/Content/Developers/Kieran/Collections/' took 0.01s
[2017.02.05-13.36.27:625][  0]LogFileCache: Scanning file cache for directory 'F:/PROJECTS/UE4 Projects/Tokyo_Street/Content/Collections/' took 0.01s
[2017.02.05-13.36.27:625][  0]LogCollectionManager: Rebuilt the GUID cache for 0 collections in 0.000002 seconds
[2017.02.05-13.36.27:633][  0]LogContentBrowser: Native class hierarchy populated in 0.0077 seconds. Added 2190 classes and 428 folders.
[2017.02.05-13.36.27:660][  0]LogStats: UGameplayTagsManager::ConstructGameplayTagTree: Construct from data asset -  0.000 s
[2017.02.05-13.36.27:660][  0]LogStats: UGameplayTagsManager::ConstructGameplayTagTree: GameplayTagTreeChangedEvent.Broadcast -  0.000 s
[2017.02.05-13.36.27:661][  0]LogContentBrowser: Native class hierarchy updated for 'GameplayTags' in 0.0004 seconds. Added 13 classes and 0 folders.
[2017.02.05-13.36.27:701][  0]LogContentBrowser: Native class hierarchy updated for 'WidgetCarousel' in 0.0004 seconds. Added 0 classes and 0 folders.
[2017.02.05-13.36.27:733][  0]LogContentBrowser: Native class hierarchy updated for 'AddContentDialog' in 0.0004 seconds. Added 0 classes and 0 folders.
[2017.02.05-13.36.27:761][  0]LogContentBrowser: Native class hierarchy updated for 'SceneOutliner' in 0.0004 seconds. Added 1 classes and 2 folders.
[2017.02.05-13.36.27:790][  0]LogCrashTracker: Crashtracker disabled due to settings.
[2017.02.05-13.36.27:794][  0]LogUObjectGlobals:Warning: Failed to find object 'Class None.'
[2017.02.05-13.36.27:844][  0]LogContentBrowser: Native class hierarchy updated for 'HierarchicalLODOutliner' in 0.0004 seconds. Added 1 classes and 2 folders.
[2017.02.05-13.36.27:844][  0]LogLoad: (Engine Initialization) Total time: 11.86 seconds
[2017.02.05-13.36.27:844][  0]LogLoad: (Engine Initialization) Total Blueprint compile time: 0.07 seconds
[2017.02.05-13.36.27:844][  0]LogExternalProfiler: No external profilers were discovered.  External profiling features will not be available.
[2017.02.05-13.36.27:853][  0]LogOcInput: OculusInput pre-init called
[2017.02.05-13.36.27:868][  0]LogAssetRegistry: Asset discovery search completed in 5.8294 seconds
[2017.02.05-13.36.27:868][  0]LogCollectionManager: Rebuilt the object cache for 0 collections in 0.000001 seconds (found 0 objects)
[2017.02.05-13.36.27:868][  0]LogCollectionManager: Fixed up redirectors for 0 collections in 0.000014 seconds (updated 0 objects)
[2017.02.05-13.36.27:871][  0]LogContentStreaming: Texture pool size now 1000 MB
[2017.02.05-13.36.28:004][  1]LogRenderer: Reallocating scene render targets to support 808x220 NumSamples 1 (Frame:2).
[2017.02.05-13.36.29:880][191]LogRenderer: Reallocating scene render targets to support 964x264 NumSamples 1 (Frame:193).
[2017.02.05-13.36.32:833][411]Cmd: MAP LOAD FILE="../../../Engine/Content/Maps/Templates/Template_Default.umap" TEMPLATE=1 SHOWPROGRESS=1 FEATURELEVEL=3
[2017.02.05-13.36.32:858][411]LightingResults: New page: Lighting Build
[2017.02.05-13.36.32:859][411]LoadErrors: New page: Loading map: Template_Default.umap
[2017.02.05-13.36.32:862][411]MapCheck: New page: Map Check
[2017.02.05-13.36.32:862][411]LightingResults: New page: Lighting Build
[2017.02.05-13.36.32:881][411]LogAIModule: Creating AISystem for world Untitled_1
[2017.02.05-13.36.32:885][411]LogActorComponent: RegisterComponentWithWorld: (/Temp/Untitled_1.Untitled_1:PersistentLevel.WorldSettings_1.StaticMeshComponent0) Trying to register component with IsPendingKill() == true. Aborting.
[2017.02.05-13.36.32:887][411]LogEditorServer: Finished looking for orphan Actors (0.000 secs)
[2017.02.05-13.36.32:896][411]Cmd: MAP CHECKDEP NOCLEARLOG
[2017.02.05-13.36.32:929][411]MapCheck: Info Map check complete: 0 Error(s), 0 Warning(s), took 32.484ms to complete.
[2017.02.05-13.36.32:929][411]LogFileHelpers: Loading map 'Template_Default' took 0.097
[2017.02.05-13.36.45:968][716]LogSavePackage: Save=35.82ms
[2017.02.05-13.36.45:968][716]LogSavePackage: Moving '../../../../../UE4 Projects/Tokyo_Street/Saved/Tokyo_Street_0130FC4CF7495D8DFA1D31D9836FF1B436.tmp' to '../../../../../UE4 Projects/Tokyo_Street/Content/Tokyo_Street/level/Tokyo_Street_01.umap'
[2017.02.05-13.36.45:970][716]LogSavePackage:Display: Finished SavePackage ../../../../../UE4 Projects/Tokyo_Street/Content/Tokyo_Street/level/Tokyo_Street_01.umap
[2017.02.05-13.36.45:987][716]LogFileHelpers: Saving map 'Tokyo_Street_01' took 0.324
[2017.02.05-13.36.45:987][716]Cmd: MAP LOAD FILE="../../../../../UE4 Projects/Tokyo_Street/Content/Tokyo_Street/level/Tokyo_Street_01.umap" TEMPLATE=0 SHOWPROGRESS=1 FEATURELEVEL=3
[2017.02.05-13.36.46:008][716]LightingResults: New page: Lighting Build
[2017.02.05-13.36.46:008][716]LoadErrors: New page: Loading map: Tokyo_Street_01.umap
[2017.02.05-13.36.46:009][716]MapCheck: New page: Map Check
[2017.02.05-13.36.46:009][716]LightingResults: New page: Lighting Build
[2017.02.05-13.36.46:039][716]LogAIModule: Creating AISystem for world Tokyo_Street_01
[2017.02.05-13.36.46:041][716]LogEditorServer: Finished looking for orphan Actors (0.000 secs)
[2017.02.05-13.36.46:069][716]Cmd: MAP CHECKDEP NOCLEARLOG
[2017.02.05-13.36.46:099][716]MapCheck: Info Map check complete: 0 Error(s), 0 Warning(s), took 29.068ms to complete.
[2017.02.05-13.36.46:099][716]LogFileHelpers: Loading map 'Tokyo_Street_01' took 0.112
[2017.02.05-13.36.47:211][849]LogEditorViewport: Clicking on Actor (LMB): PlayerStart (Player Start)
[2017.02.05-13.36.47:564][890]Cmd: DELETE
[2017.02.05-13.36.47:564][890]Cmd: ACTOR DELETE
[2017.02.05-13.36.47:568][890]LogEditorActor: Deleted Actor: PlayerStart
[2017.02.05-13.36.47:574][890]LogEditorActor: Deleted 1 Actors (0.010 secs)
[2017.02.05-13.36.49:137][ 67]LogSavePackage: Save=36.24ms
[2017.02.05-13.36.49:137][ 67]LogSavePackage: Moving '../../../../../UE4 Projects/Tokyo_Street/Saved/Tokyo_Street_01EBCA74574F4456213A60FBB1B10A0957.tmp' to '../../../../../UE4 Projects/Tokyo_Street/Content/Tokyo_Street/level/Tokyo_Street_01.umap'
[2017.02.05-13.36.49:142][ 67]LogSavePackage:Display: Finished SavePackage ../../../../../UE4 Projects/Tokyo_Street/Content/Tokyo_Street/level/Tokyo_Street_01.umap
[2017.02.05-13.37.11:199][528]LogSlate: Only BGRA pngs, bmps or icos are supported in by External Image Picker
[2017.02.05-13.37.11:249][531]LogTemp:Display: Executing iPhonePackager certificates Engine -bundlename com.YourCompany.TokyoStreet

[2017.02.05-13.37.11:250][531]LogTemp:Display: CWD: F:\PROJECTS\Epic Games\4.14\Engine\Binaries\DotNet\IOS

[2017.02.05-13.37.11:250][531]LogTemp:Display: Initial Dir: F:\PROJECTS\Epic Games\4.14

[2017.02.05-13.37.11:250][531]LogTemp:Display: Env CWD: F:\PROJECTS\Epic Games\4.14\Engine\Binaries\DotNet\IOS

[2017.02.05-13.37.11:250][531]LogTemp:Display: BranchPath = DESKTOP-ATM42SH/F/PROJECTS/Epic Games/4.14/Engine/Binaries --- GameBranchPath = DESKTOP-ATM42SH/F/PROJECTS/Epic Games/4.14/Engine/Binaries

[2017.02.05-13.37.11:274][534]LogTemp:Display: IPP ERROR: Application exception: System.IO.DirectoryNotFoundException: Could not find a part of the path 'C:\Users\Kieran\AppData\Local\Apple Computer\MobileDevice\Provisioning Profiles'.

[2017.02.05-13.37.11:274][534]LogTemp:Display:    at System.IO.__Error.WinIOError(Int32 errorCode, String maybeFullPath)

[2017.02.05-13.37.11:274][534]LogTemp:Display:    at System.IO.FileSystemEnumerableIterator`1.CommonInit()

[2017.02.05-13.37.11:274][534]LogTemp:Display:    at System.IO.FileSystemEnumerableIterator`1..ctor(String path, String originalUserPath, String searchPattern, SearchOption searchOption, SearchResultHandler`1 resultHandler, Boolean checkHost)

[2017.02.05-13.37.11:274][534]LogTemp:Display:    at System.IO.Directory.EnumerateFiles(String path, String searchPattern)

[2017.02.05-13.37.11:274][534]LogTemp:Display:    at iPhonePackager.CodeSignatureBuilder.FindProvisions(String CFBundleIdentifier)

[2017.02.05-13.37.11:274][534]LogTemp:Display:    at iPhonePackager.Program.Main(String[] args)

[2017.02.05-13.37.49:919][ 51]LogRenderer: Reallocating scene render targets to support 1208x356 NumSamples 1 (Frame:6787).
[2017.02.05-13.38.01:712][859]AssetReimport: New page: Detailed File System Changes from 14:38:01
[2017.02.05-13.38.01:721][859]AssetReimport: Info 'F:/PROJECTS/UE4 Projects/Tokyo_Street/Content/Tokyo_Street/Props/Sky/sky_01a.FBX' has been created.
[2017.02.05-13.38.08:109][623]AssetReimport: New page: Outstanding source content changes 15:38:08
[2017.02.05-13.38.08:110][623]LoadErrors: Info Failed to load /Game/Materials/Skybox/M_Sky_02.M_Sky_02 Referenced by sky_01a
[2017.02.05-13.38.08:113][623]LogEditorFactories: Performing atomic reimport of [F:/PROJECTS/UE4 Projects/Tokyo_Street/Content/Tokyo_Street/Props/Sky/sky_01a.FBX]
[2017.02.05-13.38.08:119][623]LogFbx: Loading FBX Scene from F:/PROJECTS/UE4 Projects/Tokyo_Street/Content/Tokyo_Street/Props/Sky/sky_01a.FBX
[2017.02.05-13.38.08:124][623]LogFbx: FBX Scene Loaded Succesfully
[2017.02.05-13.38.08:130][623]LogStaticMesh: Building static mesh sky_01a...
[2017.02.05-13.38.08:131][623]LogStaticMesh: Built static mesh [0.00s] /Game/Tokyo_Street/Props/Sky/sky_01a.sky_01a
[2017.02.05-13.38.08:138][623]LogWindows: Windows GetLastError: The operation completed successfully. (0)
